[0.110s] DEBUG:colcon:Command line arguments: ['/usr/bin/colcon', 'build', '--packages-select', 'line_follower_model']
[0.110s] DEBUG:colcon:Parsed command line arguments: Namespace(allow_overriding=[], ament_cmake_args=None, base_paths=['.'], build_base='build', catkin_cmake_args=None, catkin_skip_building_tests=False, cmake_args=None, cmake_clean_cache=False, cmake_clean_first=False, cmake_force_configure=False, cmake_target=None, cmake_target_skip_unavailable=False, continue_on_error=False, event_handlers=None, executor='parallel', ignore_user_meta=False, install_base='install', log_base=None, log_level=None, main=<bound method BuildVerb.main of <colcon_core.verb.build.BuildVerb object at 0x7fd923c1d3a0>>, merge_install=False, metas=['./colcon.meta'], packages_above=None, packages_above_and_dependencies=None, packages_above_depth=None, packages_end=None, packages_ignore=None, packages_ignore_regex=None, packages_select=['line_follower_model'], packages_select_build_failed=False, packages_select_by_dep=None, packages_select_regex=None, packages_select_test_failures=False, packages_skip=None, packages_skip_build_finished=False, packages_skip_by_dep=None, packages_skip_regex=None, packages_skip_test_passed=False, packages_skip_up_to=None, packages_start=None, packages_up_to=None, packages_up_to_regex=None, parallel_workers=8, paths=None, symlink_install=False, test_result_base=None, verb_extension=<colcon_core.verb.build.BuildVerb object at 0x7fd923c1d3a0>, verb_name='build', verb_parser=<colcon_defaults.argument_parser.defaults.DefaultArgumentsDecorator object at 0x7fd923c1d8e0>)
[0.113s] Level 1:colcon.colcon_core.package_discovery:discover_packages(colcon_meta) check parameters
[0.113s] Level 1:colcon.colcon_core.package_discovery:discover_packages(recursive) check parameters
[0.113s] Level 1:colcon.colcon_core.package_discovery:discover_packages(ignore) check parameters
[0.113s] Level 1:colcon.colcon_core.package_discovery:discover_packages(path) check parameters
[0.113s] Level 1:colcon.colcon_core.package_discovery:discover_packages(colcon_meta) discover
[0.114s] Level 1:colcon.colcon_core.package_discovery:discover_packages(recursive) discover
[0.114s] INFO:colcon.colcon_core.package_discovery:Crawling recursively for packages in '/home/kairui/cc_ws_dev/tros_ws/src/app/line_follower/line_follower_model'
[0.114s] Level 1:colcon.colcon_core.package_identification:_identify(.) by extensions ['ignore', 'ignore_ament_install']
[0.114s] Level 1:colcon.colcon_core.package_identification:_identify(.) by extension 'ignore'
[0.114s] Level 1:colcon.colcon_core.package_identification:_identify(.) by extension 'ignore_ament_install'
[0.114s] Level 1:colcon.colcon_core.package_identification:_identify(.) by extensions ['colcon_pkg']
[0.114s] Level 1:colcon.colcon_core.package_identification:_identify(.) by extension 'colcon_pkg'
[0.114s] Level 1:colcon.colcon_core.package_identification:_identify(.) by extensions ['colcon_meta']
[0.114s] Level 1:colcon.colcon_core.package_identification:_identify(.) by extension 'colcon_meta'
[0.114s] Level 1:colcon.colcon_core.package_identification:_identify(.) by extensions ['ros']
[0.114s] Level 1:colcon.colcon_core.package_identification:_identify(.) by extension 'ros'
[0.126s] DEBUG:colcon.colcon_core.package_identification:Package '.' with type 'ros.ament_python' and name 'line_follower_model'
[0.126s] Level 1:colcon.colcon_core.package_discovery:discover_packages(recursive) using defaults
[0.126s] Level 1:colcon.colcon_core.package_discovery:discover_packages(ignore) discover
[0.126s] Level 1:colcon.colcon_core.package_discovery:discover_packages(ignore) using defaults
[0.126s] Level 1:colcon.colcon_core.package_discovery:discover_packages(path) discover
[0.126s] Level 1:colcon.colcon_core.package_discovery:discover_packages(path) using defaults
[0.138s] Level 1:colcon.colcon_core.package_discovery:discover_packages(prefix_path) check parameters
[0.138s] Level 1:colcon.colcon_core.package_discovery:discover_packages(prefix_path) discover
[0.140s] DEBUG:colcon.colcon_installed_package_information.package_discovery:Found 342 installed packages in /opt/ros/foxy
[0.142s] Level 1:colcon.colcon_core.package_discovery:discover_packages(prefix_path) using defaults
[0.272s] Level 5:colcon.colcon_core.verb:set package 'line_follower_model' build argument 'cmake_args' from command line to 'None'
[0.272s] Level 5:colcon.colcon_core.verb:set package 'line_follower_model' build argument 'cmake_target' from command line to 'None'
[0.272s] Level 5:colcon.colcon_core.verb:set package 'line_follower_model' build argument 'cmake_target_skip_unavailable' from command line to 'False'
[0.272s] Level 5:colcon.colcon_core.verb:set package 'line_follower_model' build argument 'cmake_clean_cache' from command line to 'False'
[0.272s] Level 5:colcon.colcon_core.verb:set package 'line_follower_model' build argument 'cmake_clean_first' from command line to 'False'
[0.272s] Level 5:colcon.colcon_core.verb:set package 'line_follower_model' build argument 'cmake_force_configure' from command line to 'False'
[0.273s] Level 5:colcon.colcon_core.verb:set package 'line_follower_model' build argument 'ament_cmake_args' from command line to 'None'
[0.273s] Level 5:colcon.colcon_core.verb:set package 'line_follower_model' build argument 'catkin_cmake_args' from command line to 'None'
[0.273s] Level 5:colcon.colcon_core.verb:set package 'line_follower_model' build argument 'catkin_skip_building_tests' from command line to 'False'
[0.273s] DEBUG:colcon.colcon_core.verb:Building package 'line_follower_model' with the following arguments: {'ament_cmake_args': None, 'build_base': '/home/kairui/cc_ws_dev/tros_ws/src/app/line_follower/line_follower_model/build/line_follower_model', 'catkin_cmake_args': None, 'catkin_skip_building_tests': False, 'cmake_args': None, 'cmake_clean_cache': False, 'cmake_clean_first': False, 'cmake_force_configure': False, 'cmake_target': None, 'cmake_target_skip_unavailable': False, 'install_base': '/home/kairui/cc_ws_dev/tros_ws/src/app/line_follower/line_follower_model/install/line_follower_model', 'merge_install': False, 'path': '/home/kairui/cc_ws_dev/tros_ws/src/app/line_follower/line_follower_model', 'symlink_install': False, 'test_result_base': None}
[0.274s] INFO:colcon.colcon_core.executor:Executing jobs using 'parallel' executor
[0.275s] DEBUG:colcon.colcon_parallel_executor.executor.parallel:run_until_complete
[0.276s] INFO:colcon.colcon_ros.task.ament_python.build:Building ROS package in '/home/kairui/cc_ws_dev/tros_ws/src/app/line_follower/line_follower_model' with build type 'ament_python'
[0.276s] Level 1:colcon.colcon_core.shell:create_environment_hook('line_follower_model', 'ament_prefix_path')
[0.278s] INFO:colcon.colcon_core.plugin_system:Skipping extension 'colcon_core.shell.bat': Not used on non-Windows systems
[0.278s] INFO:colcon.colcon_core.shell:Creating environment hook '/home/kairui/cc_ws_dev/tros_ws/src/app/line_follower/line_follower_model/install/line_follower_model/share/line_follower_model/hook/ament_prefix_path.ps1'
[0.279s] INFO:colcon.colcon_core.shell:Creating environment descriptor '/home/kairui/cc_ws_dev/tros_ws/src/app/line_follower/line_follower_model/install/line_follower_model/share/line_follower_model/hook/ament_prefix_path.dsv'
[0.279s] INFO:colcon.colcon_core.shell:Creating environment hook '/home/kairui/cc_ws_dev/tros_ws/src/app/line_follower/line_follower_model/install/line_follower_model/share/line_follower_model/hook/ament_prefix_path.sh'
[0.280s] INFO:colcon.colcon_core.shell:Skip shell extension 'powershell' for command environment: Not usable outside of PowerShell
[0.280s] DEBUG:colcon.colcon_core.shell:Skip shell extension 'dsv' for command environment
[0.451s] INFO:colcon.colcon_core.task.python.build:Building Python package in '/home/kairui/cc_ws_dev/tros_ws/src/app/line_follower/line_follower_model'
[0.452s] INFO:colcon.colcon_core.shell:Skip shell extension 'powershell' for command environment: Not usable outside of PowerShell
[0.452s] DEBUG:colcon.colcon_core.shell:Skip shell extension 'dsv' for command environment
[0.806s] DEBUG:colcon.colcon_core.event_handler.log_command:Invoking command in '/home/kairui/cc_ws_dev/tros_ws/src/app/line_follower/line_follower_model': PYTHONPATH=/home/kairui/cc_ws_dev/tros_ws/src/app/line_follower/line_follower_model/install/line_follower_model/lib/python3.8/site-packages:${PYTHONPATH} _=/usr/bin/env /usr/bin/python3 setup.py egg_info --egg-base build/line_follower_model build --build-base /home/kairui/cc_ws_dev/tros_ws/src/app/line_follower/line_follower_model/build/line_follower_model/build install --prefix /home/kairui/cc_ws_dev/tros_ws/src/app/line_follower/line_follower_model/install/line_follower_model --record /home/kairui/cc_ws_dev/tros_ws/src/app/line_follower/line_follower_model/build/line_follower_model/install.log --single-version-externally-managed
[1.029s] DEBUG:colcon.colcon_core.event_handler.log_command:Invoked command in '/home/kairui/cc_ws_dev/tros_ws/src/app/line_follower/line_follower_model' returned '0': PYTHONPATH=/home/kairui/cc_ws_dev/tros_ws/src/app/line_follower/line_follower_model/install/line_follower_model/lib/python3.8/site-packages:${PYTHONPATH} _=/usr/bin/env /usr/bin/python3 setup.py egg_info --egg-base build/line_follower_model build --build-base /home/kairui/cc_ws_dev/tros_ws/src/app/line_follower/line_follower_model/build/line_follower_model/build install --prefix /home/kairui/cc_ws_dev/tros_ws/src/app/line_follower/line_follower_model/install/line_follower_model --record /home/kairui/cc_ws_dev/tros_ws/src/app/line_follower/line_follower_model/build/line_follower_model/install.log --single-version-externally-managed
[1.033s] Level 1:colcon.colcon_core.environment:checking '/home/kairui/cc_ws_dev/tros_ws/src/app/line_follower/line_follower_model/install/line_follower_model' for CMake module files
[1.034s] Level 1:colcon.colcon_core.environment:checking '/home/kairui/cc_ws_dev/tros_ws/src/app/line_follower/line_follower_model/install/line_follower_model' for CMake config files
[1.034s] Level 1:colcon.colcon_core.environment:checking '/home/kairui/cc_ws_dev/tros_ws/src/app/line_follower/line_follower_model/install/line_follower_model/lib'
[1.034s] Level 1:colcon.colcon_core.environment:checking '/home/kairui/cc_ws_dev/tros_ws/src/app/line_follower/line_follower_model/install/line_follower_model/bin'
[1.034s] Level 1:colcon.colcon_core.environment:checking '/home/kairui/cc_ws_dev/tros_ws/src/app/line_follower/line_follower_model/install/line_follower_model/lib/pkgconfig/line_follower_model.pc'
[1.034s] Level 1:colcon.colcon_core.environment:checking '/home/kairui/cc_ws_dev/tros_ws/src/app/line_follower/line_follower_model/install/line_follower_model/lib/python3.8/site-packages'
[1.034s] Level 1:colcon.colcon_core.shell:create_environment_hook('line_follower_model', 'pythonpath')
[1.035s] INFO:colcon.colcon_core.shell:Creating environment hook '/home/kairui/cc_ws_dev/tros_ws/src/app/line_follower/line_follower_model/install/line_follower_model/share/line_follower_model/hook/pythonpath.ps1'
[1.035s] INFO:colcon.colcon_core.shell:Creating environment descriptor '/home/kairui/cc_ws_dev/tros_ws/src/app/line_follower/line_follower_model/install/line_follower_model/share/line_follower_model/hook/pythonpath.dsv'
[1.035s] INFO:colcon.colcon_core.shell:Creating environment hook '/home/kairui/cc_ws_dev/tros_ws/src/app/line_follower/line_follower_model/install/line_follower_model/share/line_follower_model/hook/pythonpath.sh'
[1.035s] Level 1:colcon.colcon_core.environment:create_environment_scripts_only(line_follower_model)
[1.036s] INFO:colcon.colcon_core.shell:Creating package script '/home/kairui/cc_ws_dev/tros_ws/src/app/line_follower/line_follower_model/install/line_follower_model/share/line_follower_model/package.ps1'
[1.037s] INFO:colcon.colcon_core.shell:Creating package descriptor '/home/kairui/cc_ws_dev/tros_ws/src/app/line_follower/line_follower_model/install/line_follower_model/share/line_follower_model/package.dsv'
[1.037s] INFO:colcon.colcon_core.shell:Creating package script '/home/kairui/cc_ws_dev/tros_ws/src/app/line_follower/line_follower_model/install/line_follower_model/share/line_follower_model/package.sh'
[1.038s] INFO:colcon.colcon_core.shell:Creating package script '/home/kairui/cc_ws_dev/tros_ws/src/app/line_follower/line_follower_model/install/line_follower_model/share/line_follower_model/package.bash'
[1.038s] INFO:colcon.colcon_core.shell:Creating package script '/home/kairui/cc_ws_dev/tros_ws/src/app/line_follower/line_follower_model/install/line_follower_model/share/line_follower_model/package.zsh'
[1.039s] Level 1:colcon.colcon_core.environment:create_file_with_runtime_dependencies(/home/kairui/cc_ws_dev/tros_ws/src/app/line_follower/line_follower_model/install/line_follower_model/share/colcon-core/packages/line_follower_model)
[1.039s] DEBUG:colcon.colcon_parallel_executor.executor.parallel:closing loop
[1.039s] DEBUG:colcon.colcon_parallel_executor.executor.parallel:loop closed
[1.039s] DEBUG:colcon.colcon_parallel_executor.executor.parallel:run_until_complete finished with '0'
[1.039s] DEBUG:colcon.colcon_core.event_reactor:joining thread
[1.043s] INFO:colcon.colcon_core.plugin_system:Skipping extension 'colcon_notification.desktop_notification.terminal_notifier': Not used on non-Darwin systems
[1.043s] INFO:colcon.colcon_core.plugin_system:Skipping extension 'colcon_notification.desktop_notification.win32': Not used on non-Windows systems
[1.044s] INFO:colcon.colcon_notification.desktop_notification:Sending desktop notification using 'notify2'
[26.067s] DEBUG:colcon.colcon_notification.desktop_notification.notify2:Failed to initialize notify2: org.freedesktop.DBus.Error.NoReply: Did not receive a reply. Possible causes include: the remote application did not send a reply, the message bus security policy blocked the reply, the reply timeout expired, or the network connection was broken.
[26.068s] DEBUG:colcon.colcon_core.event_reactor:joined thread
[26.071s] INFO:colcon.colcon_core.shell:Creating prefix script '/home/kairui/cc_ws_dev/tros_ws/src/app/line_follower/line_follower_model/install/local_setup.ps1'
[26.074s] INFO:colcon.colcon_core.shell:Creating prefix util module '/home/kairui/cc_ws_dev/tros_ws/src/app/line_follower/line_follower_model/install/_local_setup_util_ps1.py'
[26.074s] INFO:colcon.colcon_core.shell:Creating prefix chain script '/home/kairui/cc_ws_dev/tros_ws/src/app/line_follower/line_follower_model/install/setup.ps1'
[26.075s] INFO:colcon.colcon_core.shell:Creating prefix script '/home/kairui/cc_ws_dev/tros_ws/src/app/line_follower/line_follower_model/install/local_setup.sh'
[26.075s] INFO:colcon.colcon_core.shell:Creating prefix util module '/home/kairui/cc_ws_dev/tros_ws/src/app/line_follower/line_follower_model/install/_local_setup_util_sh.py'
[26.076s] INFO:colcon.colcon_core.shell:Creating prefix chain script '/home/kairui/cc_ws_dev/tros_ws/src/app/line_follower/line_follower_model/install/setup.sh'
[26.076s] INFO:colcon.colcon_core.shell:Creating prefix script '/home/kairui/cc_ws_dev/tros_ws/src/app/line_follower/line_follower_model/install/local_setup.bash'
[26.077s] INFO:colcon.colcon_core.shell:Creating prefix chain script '/home/kairui/cc_ws_dev/tros_ws/src/app/line_follower/line_follower_model/install/setup.bash'
[26.077s] INFO:colcon.colcon_core.shell:Creating prefix script '/home/kairui/cc_ws_dev/tros_ws/src/app/line_follower/line_follower_model/install/local_setup.zsh'
[26.078s] INFO:colcon.colcon_core.shell:Creating prefix chain script '/home/kairui/cc_ws_dev/tros_ws/src/app/line_follower/line_follower_model/install/setup.zsh'
