[0.111s] DEBUG:colcon:Command line arguments: ['/usr/bin/colcon', 'build', '--packages-select', 'line_follower_model']
[0.111s] DEBUG:colcon:Parsed command line arguments: Namespace(allow_overriding=[], ament_cmake_args=None, base_paths=['.'], build_base='build', catkin_cmake_args=None, catkin_skip_building_tests=False, cmake_args=None, cmake_clean_cache=False, cmake_clean_first=False, cmake_force_configure=False, cmake_target=None, cmake_target_skip_unavailable=False, continue_on_error=False, event_handlers=None, executor='parallel', ignore_user_meta=False, install_base='install', log_base=None, log_level=None, main=<bound method BuildVerb.main of <colcon_core.verb.build.BuildVerb object at 0x7f3e679732e0>>, merge_install=False, metas=['./colcon.meta'], packages_above=None, packages_above_and_dependencies=None, packages_above_depth=None, packages_end=None, packages_ignore=None, packages_ignore_regex=None, packages_select=['line_follower_model'], packages_select_build_failed=False, packages_select_by_dep=None, packages_select_regex=None, packages_select_test_failures=False, packages_skip=None, packages_skip_build_finished=False, packages_skip_by_dep=None, packages_skip_regex=None, packages_skip_test_passed=False, packages_skip_up_to=None, packages_start=None, packages_up_to=None, packages_up_to_regex=None, parallel_workers=8, paths=None, symlink_install=False, test_result_base=None, verb_extension=<colcon_core.verb.build.BuildVerb object at 0x7f3e679732e0>, verb_name='build', verb_parser=<colcon_defaults.argument_parser.defaults.DefaultArgumentsDecorator object at 0x7f3e67973820>)
[0.114s] Level 1:colcon.colcon_core.package_discovery:discover_packages(colcon_meta) check parameters
[0.114s] Level 1:colcon.colcon_core.package_discovery:discover_packages(recursive) check parameters
[0.114s] Level 1:colcon.colcon_core.package_discovery:discover_packages(ignore) check parameters
[0.114s] Level 1:colcon.colcon_core.package_discovery:discover_packages(path) check parameters
[0.114s] Level 1:colcon.colcon_core.package_discovery:discover_packages(colcon_meta) discover
[0.114s] Level 1:colcon.colcon_core.package_discovery:discover_packages(recursive) discover
[0.115s] INFO:colcon.colcon_core.package_discovery:Crawling recursively for packages in '/home/kairui/cc_ws_dev/tros_ws/src/app/line_follower/line_follower_model'
[0.115s] Level 1:colcon.colcon_core.package_identification:_identify(.) by extensions ['ignore', 'ignore_ament_install']
[0.115s] Level 1:colcon.colcon_core.package_identification:_identify(.) by extension 'ignore'
[0.115s] Level 1:colcon.colcon_core.package_identification:_identify(.) by extension 'ignore_ament_install'
[0.115s] Level 1:colcon.colcon_core.package_identification:_identify(.) by extensions ['colcon_pkg']
[0.115s] Level 1:colcon.colcon_core.package_identification:_identify(.) by extension 'colcon_pkg'
[0.115s] Level 1:colcon.colcon_core.package_identification:_identify(.) by extensions ['colcon_meta']
[0.115s] Level 1:colcon.colcon_core.package_identification:_identify(.) by extension 'colcon_meta'
[0.115s] Level 1:colcon.colcon_core.package_identification:_identify(.) by extensions ['ros']
[0.115s] Level 1:colcon.colcon_core.package_identification:_identify(.) by extension 'ros'
[0.125s] DEBUG:colcon.colcon_core.package_identification:Package '.' with type 'ros.ament_python' and name 'line_follower_model'
[0.125s] Level 1:colcon.colcon_core.package_discovery:discover_packages(recursive) using defaults
[0.125s] Level 1:colcon.colcon_core.package_discovery:discover_packages(ignore) discover
[0.125s] Level 1:colcon.colcon_core.package_discovery:discover_packages(ignore) using defaults
[0.125s] Level 1:colcon.colcon_core.package_discovery:discover_packages(path) discover
[0.125s] Level 1:colcon.colcon_core.package_discovery:discover_packages(path) using defaults
[0.138s] Level 1:colcon.colcon_core.package_discovery:discover_packages(prefix_path) check parameters
[0.138s] Level 1:colcon.colcon_core.package_discovery:discover_packages(prefix_path) discover
[0.139s] DEBUG:colcon.colcon_installed_package_information.package_discovery:Found 1 installed packages in /home/kairui/cc_ws_dev/tros_ws/src/app/line_follower/line_follower_model/install
[0.140s] DEBUG:colcon.colcon_installed_package_information.package_discovery:Found 342 installed packages in /opt/ros/foxy
[0.142s] Level 1:colcon.colcon_core.package_discovery:discover_packages(prefix_path) using defaults
[0.273s] Level 5:colcon.colcon_core.verb:set package 'line_follower_model' build argument 'cmake_args' from command line to 'None'
[0.273s] Level 5:colcon.colcon_core.verb:set package 'line_follower_model' build argument 'cmake_target' from command line to 'None'
[0.273s] Level 5:colcon.colcon_core.verb:set package 'line_follower_model' build argument 'cmake_target_skip_unavailable' from command line to 'False'
[0.273s] Level 5:colcon.colcon_core.verb:set package 'line_follower_model' build argument 'cmake_clean_cache' from command line to 'False'
[0.273s] Level 5:colcon.colcon_core.verb:set package 'line_follower_model' build argument 'cmake_clean_first' from command line to 'False'
[0.273s] Level 5:colcon.colcon_core.verb:set package 'line_follower_model' build argument 'cmake_force_configure' from command line to 'False'
[0.273s] Level 5:colcon.colcon_core.verb:set package 'line_follower_model' build argument 'ament_cmake_args' from command line to 'None'
[0.273s] Level 5:colcon.colcon_core.verb:set package 'line_follower_model' build argument 'catkin_cmake_args' from command line to 'None'
[0.273s] Level 5:colcon.colcon_core.verb:set package 'line_follower_model' build argument 'catkin_skip_building_tests' from command line to 'False'
[0.273s] DEBUG:colcon.colcon_core.verb:Building package 'line_follower_model' with the following arguments: {'ament_cmake_args': None, 'build_base': '/home/kairui/cc_ws_dev/tros_ws/src/app/line_follower/line_follower_model/build/line_follower_model', 'catkin_cmake_args': None, 'catkin_skip_building_tests': False, 'cmake_args': None, 'cmake_clean_cache': False, 'cmake_clean_first': False, 'cmake_force_configure': False, 'cmake_target': None, 'cmake_target_skip_unavailable': False, 'install_base': '/home/kairui/cc_ws_dev/tros_ws/src/app/line_follower/line_follower_model/install/line_follower_model', 'merge_install': False, 'path': '/home/kairui/cc_ws_dev/tros_ws/src/app/line_follower/line_follower_model', 'symlink_install': False, 'test_result_base': None}
[0.275s] WARNING:colcon.colcon_core.verb:Some selected packages are already built in one or more underlay workspaces:
	'line_follower_model' is in: /home/kairui/cc_ws_dev/tros_ws/src/app/line_follower/line_follower_model/install/line_follower_model
If a package in a merged underlay workspace is overridden and it installs headers, then all packages in the overlay must sort their include directories by workspace order. Failure to do so may result in build failures or undefined behavior at run time.
If the overridden package is used by another package in any underlay, then the overriding package in the overlay must be API and ABI compatible or undefined behavior at run time may occur.

If you understand the risks and want to override a package anyways, add the following to the command line:
	--allow-overriding line_follower_model

This may be promoted to an error in a future release of colcon-core.
[0.275s] INFO:colcon.colcon_core.executor:Executing jobs using 'parallel' executor
[0.276s] DEBUG:colcon.colcon_parallel_executor.executor.parallel:run_until_complete
[0.277s] INFO:colcon.colcon_ros.task.ament_python.build:Building ROS package in '/home/kairui/cc_ws_dev/tros_ws/src/app/line_follower/line_follower_model' with build type 'ament_python'
[0.277s] Level 1:colcon.colcon_core.shell:create_environment_hook('line_follower_model', 'ament_prefix_path')
[0.279s] INFO:colcon.colcon_core.plugin_system:Skipping extension 'colcon_core.shell.bat': Not used on non-Windows systems
[0.279s] INFO:colcon.colcon_core.shell:Creating environment hook '/home/kairui/cc_ws_dev/tros_ws/src/app/line_follower/line_follower_model/install/line_follower_model/share/line_follower_model/hook/ament_prefix_path.ps1'
[0.280s] INFO:colcon.colcon_core.shell:Creating environment descriptor '/home/kairui/cc_ws_dev/tros_ws/src/app/line_follower/line_follower_model/install/line_follower_model/share/line_follower_model/hook/ament_prefix_path.dsv'
[0.280s] INFO:colcon.colcon_core.shell:Creating environment hook '/home/kairui/cc_ws_dev/tros_ws/src/app/line_follower/line_follower_model/install/line_follower_model/share/line_follower_model/hook/ament_prefix_path.sh'
[0.281s] INFO:colcon.colcon_core.shell:Skip shell extension 'powershell' for command environment: Not usable outside of PowerShell
[0.281s] DEBUG:colcon.colcon_core.shell:Skip shell extension 'dsv' for command environment
[0.453s] INFO:colcon.colcon_core.task.python.build:Building Python package in '/home/kairui/cc_ws_dev/tros_ws/src/app/line_follower/line_follower_model'
[0.454s] INFO:colcon.colcon_core.shell:Skip shell extension 'powershell' for command environment: Not usable outside of PowerShell
[0.454s] DEBUG:colcon.colcon_core.shell:Skip shell extension 'dsv' for command environment
[0.757s] DEBUG:colcon.colcon_core.event_handler.log_command:Invoking command in '/home/kairui/cc_ws_dev/tros_ws/src/app/line_follower/line_follower_model': PYTHONPATH=/home/kairui/cc_ws_dev/tros_ws/src/app/line_follower/line_follower_model/install/line_follower_model/lib/python3.8/site-packages:${PYTHONPATH} _=/usr/bin/env /usr/bin/python3 setup.py egg_info --egg-base build/line_follower_model build --build-base /home/kairui/cc_ws_dev/tros_ws/src/app/line_follower/line_follower_model/build/line_follower_model/build install --prefix /home/kairui/cc_ws_dev/tros_ws/src/app/line_follower/line_follower_model/install/line_follower_model --record /home/kairui/cc_ws_dev/tros_ws/src/app/line_follower/line_follower_model/build/line_follower_model/install.log --single-version-externally-managed
[0.973s] DEBUG:colcon.colcon_core.event_handler.log_command:Invoked command in '/home/kairui/cc_ws_dev/tros_ws/src/app/line_follower/line_follower_model' returned '0': PYTHONPATH=/home/kairui/cc_ws_dev/tros_ws/src/app/line_follower/line_follower_model/install/line_follower_model/lib/python3.8/site-packages:${PYTHONPATH} _=/usr/bin/env /usr/bin/python3 setup.py egg_info --egg-base build/line_follower_model build --build-base /home/kairui/cc_ws_dev/tros_ws/src/app/line_follower/line_follower_model/build/line_follower_model/build install --prefix /home/kairui/cc_ws_dev/tros_ws/src/app/line_follower/line_follower_model/install/line_follower_model --record /home/kairui/cc_ws_dev/tros_ws/src/app/line_follower/line_follower_model/build/line_follower_model/install.log --single-version-externally-managed
[0.975s] Level 1:colcon.colcon_core.environment:checking '/home/kairui/cc_ws_dev/tros_ws/src/app/line_follower/line_follower_model/install/line_follower_model' for CMake module files
[0.975s] Level 1:colcon.colcon_core.environment:checking '/home/kairui/cc_ws_dev/tros_ws/src/app/line_follower/line_follower_model/install/line_follower_model' for CMake config files
[0.976s] Level 1:colcon.colcon_core.environment:checking '/home/kairui/cc_ws_dev/tros_ws/src/app/line_follower/line_follower_model/install/line_follower_model/lib'
[0.976s] Level 1:colcon.colcon_core.environment:checking '/home/kairui/cc_ws_dev/tros_ws/src/app/line_follower/line_follower_model/install/line_follower_model/bin'
[0.976s] Level 1:colcon.colcon_core.environment:checking '/home/kairui/cc_ws_dev/tros_ws/src/app/line_follower/line_follower_model/install/line_follower_model/lib/pkgconfig/line_follower_model.pc'
[0.976s] Level 1:colcon.colcon_core.environment:checking '/home/kairui/cc_ws_dev/tros_ws/src/app/line_follower/line_follower_model/install/line_follower_model/lib/python3.8/site-packages'
[0.976s] Level 1:colcon.colcon_core.shell:create_environment_hook('line_follower_model', 'pythonpath')
[0.976s] INFO:colcon.colcon_core.shell:Creating environment hook '/home/kairui/cc_ws_dev/tros_ws/src/app/line_follower/line_follower_model/install/line_follower_model/share/line_follower_model/hook/pythonpath.ps1'
[0.977s] INFO:colcon.colcon_core.shell:Creating environment descriptor '/home/kairui/cc_ws_dev/tros_ws/src/app/line_follower/line_follower_model/install/line_follower_model/share/line_follower_model/hook/pythonpath.dsv'
[0.977s] INFO:colcon.colcon_core.shell:Creating environment hook '/home/kairui/cc_ws_dev/tros_ws/src/app/line_follower/line_follower_model/install/line_follower_model/share/line_follower_model/hook/pythonpath.sh'
[0.977s] Level 1:colcon.colcon_core.environment:create_environment_scripts_only(line_follower_model)
[0.978s] INFO:colcon.colcon_core.shell:Creating package script '/home/kairui/cc_ws_dev/tros_ws/src/app/line_follower/line_follower_model/install/line_follower_model/share/line_follower_model/package.ps1'
[0.978s] INFO:colcon.colcon_core.shell:Creating package descriptor '/home/kairui/cc_ws_dev/tros_ws/src/app/line_follower/line_follower_model/install/line_follower_model/share/line_follower_model/package.dsv'
[0.979s] INFO:colcon.colcon_core.shell:Creating package script '/home/kairui/cc_ws_dev/tros_ws/src/app/line_follower/line_follower_model/install/line_follower_model/share/line_follower_model/package.sh'
[0.979s] INFO:colcon.colcon_core.shell:Creating package script '/home/kairui/cc_ws_dev/tros_ws/src/app/line_follower/line_follower_model/install/line_follower_model/share/line_follower_model/package.bash'
[0.980s] INFO:colcon.colcon_core.shell:Creating package script '/home/kairui/cc_ws_dev/tros_ws/src/app/line_follower/line_follower_model/install/line_follower_model/share/line_follower_model/package.zsh'
[0.980s] Level 1:colcon.colcon_core.environment:create_file_with_runtime_dependencies(/home/kairui/cc_ws_dev/tros_ws/src/app/line_follower/line_follower_model/install/line_follower_model/share/colcon-core/packages/line_follower_model)
[0.980s] DEBUG:colcon.colcon_parallel_executor.executor.parallel:closing loop
[0.980s] DEBUG:colcon.colcon_parallel_executor.executor.parallel:loop closed
[0.981s] DEBUG:colcon.colcon_parallel_executor.executor.parallel:run_until_complete finished with '0'
[0.981s] DEBUG:colcon.colcon_core.event_reactor:joining thread
[0.985s] INFO:colcon.colcon_core.plugin_system:Skipping extension 'colcon_notification.desktop_notification.terminal_notifier': Not used on non-Darwin systems
[0.985s] INFO:colcon.colcon_core.plugin_system:Skipping extension 'colcon_notification.desktop_notification.win32': Not used on non-Windows systems
[0.985s] INFO:colcon.colcon_notification.desktop_notification:Sending desktop notification using 'notify2'
[26.008s] DEBUG:colcon.colcon_notification.desktop_notification.notify2:Failed to initialize notify2: org.freedesktop.DBus.Error.NoReply: Did not receive a reply. Possible causes include: the remote application did not send a reply, the message bus security policy blocked the reply, the reply timeout expired, or the network connection was broken.
[26.009s] DEBUG:colcon.colcon_core.event_reactor:joined thread
[26.011s] INFO:colcon.colcon_core.shell:Creating prefix script '/home/kairui/cc_ws_dev/tros_ws/src/app/line_follower/line_follower_model/install/local_setup.ps1'
[26.014s] INFO:colcon.colcon_core.shell:Creating prefix util module '/home/kairui/cc_ws_dev/tros_ws/src/app/line_follower/line_follower_model/install/_local_setup_util_ps1.py'
[26.015s] INFO:colcon.colcon_core.shell:Creating prefix chain script '/home/kairui/cc_ws_dev/tros_ws/src/app/line_follower/line_follower_model/install/setup.ps1'
[26.015s] INFO:colcon.colcon_core.shell:Creating prefix script '/home/kairui/cc_ws_dev/tros_ws/src/app/line_follower/line_follower_model/install/local_setup.sh'
[26.016s] INFO:colcon.colcon_core.shell:Creating prefix util module '/home/kairui/cc_ws_dev/tros_ws/src/app/line_follower/line_follower_model/install/_local_setup_util_sh.py'
[26.016s] INFO:colcon.colcon_core.shell:Creating prefix chain script '/home/kairui/cc_ws_dev/tros_ws/src/app/line_follower/line_follower_model/install/setup.sh'
[26.017s] INFO:colcon.colcon_core.shell:Creating prefix script '/home/kairui/cc_ws_dev/tros_ws/src/app/line_follower/line_follower_model/install/local_setup.bash'
[26.017s] INFO:colcon.colcon_core.shell:Creating prefix chain script '/home/kairui/cc_ws_dev/tros_ws/src/app/line_follower/line_follower_model/install/setup.bash'
[26.018s] INFO:colcon.colcon_core.shell:Creating prefix script '/home/kairui/cc_ws_dev/tros_ws/src/app/line_follower/line_follower_model/install/local_setup.zsh'
[26.018s] INFO:colcon.colcon_core.shell:Creating prefix chain script '/home/kairui/cc_ws_dev/tros_ws/src/app/line_follower/line_follower_model/install/setup.zsh'
