[0.530s] Invoking command in '/home/kairui/cc_ws_dev/tros_ws/src/app/line_follower/line_follower_model': PYTHONPATH=/home/kairui/cc_ws_dev/tros_ws/src/app/line_follower/line_follower_model/install/line_follower_model/lib/python3.8/site-packages:${PYTHONPATH} _=/usr/bin/env /usr/bin/python3 setup.py egg_info --egg-base build/line_follower_model build --build-base /home/kairui/cc_ws_dev/tros_ws/src/app/line_follower/line_follower_model/build/line_follower_model/build install --prefix /home/kairui/cc_ws_dev/tros_ws/src/app/line_follower/line_follower_model/install/line_follower_model --record /home/kairui/cc_ws_dev/tros_ws/src/app/line_follower/line_follower_model/build/line_follower_model/install.log --single-version-externally-managed
[0.692s] running egg_info
[0.693s] creating build/line_follower_model/line_follower_model.egg-info
[0.693s] writing build/line_follower_model/line_follower_model.egg-info/PKG-INFO
[0.693s] writing dependency_links to build/line_follower_model/line_follower_model.egg-info/dependency_links.txt
[0.693s] writing entry points to build/line_follower_model/line_follower_model.egg-info/entry_points.txt
[0.693s] writing requirements to build/line_follower_model/line_follower_model.egg-info/requires.txt
[0.693s] writing top-level names to build/line_follower_model/line_follower_model.egg-info/top_level.txt
[0.696s] writing manifest file 'build/line_follower_model/line_follower_model.egg-info/SOURCES.txt'
[0.719s] reading manifest file 'build/line_follower_model/line_follower_model.egg-info/SOURCES.txt'
[0.720s] writing manifest file 'build/line_follower_model/line_follower_model.egg-info/SOURCES.txt'
[0.720s] running build
[0.720s] running build_py
[0.720s] creating /home/kairui/cc_ws_dev/tros_ws/src/app/line_follower/line_follower_model/build/line_follower_model/build
[0.720s] creating /home/kairui/cc_ws_dev/tros_ws/src/app/line_follower/line_follower_model/build/line_follower_model/build/lib
[0.721s] creating /home/kairui/cc_ws_dev/tros_ws/src/app/line_follower/line_follower_model/build/line_follower_model/build/lib/line_follower_model
[0.721s] copying line_follower_model/annotation_member_function.py -> /home/kairui/cc_ws_dev/tros_ws/src/app/line_follower/line_follower_model/build/line_follower_model/build/lib/line_follower_model
[0.721s] copying line_follower_model/line_follower_model.py -> /home/kairui/cc_ws_dev/tros_ws/src/app/line_follower/line_follower_model/build/line_follower_model/build/lib/line_follower_model
[0.721s] copying line_follower_model/__init__.py -> /home/kairui/cc_ws_dev/tros_ws/src/app/line_follower/line_follower_model/build/line_follower_model/build/lib/line_follower_model
[0.721s] running install
[0.721s] running install_lib
[0.722s] creating /home/kairui/cc_ws_dev/tros_ws/src/app/line_follower/line_follower_model/install/line_follower_model/lib/python3.8/site-packages/line_follower_model
[0.722s] copying /home/kairui/cc_ws_dev/tros_ws/src/app/line_follower/line_follower_model/build/line_follower_model/build/lib/line_follower_model/annotation_member_function.py -> /home/kairui/cc_ws_dev/tros_ws/src/app/line_follower/line_follower_model/install/line_follower_model/lib/python3.8/site-packages/line_follower_model
[0.722s] copying /home/kairui/cc_ws_dev/tros_ws/src/app/line_follower/line_follower_model/build/line_follower_model/build/lib/line_follower_model/line_follower_model.py -> /home/kairui/cc_ws_dev/tros_ws/src/app/line_follower/line_follower_model/install/line_follower_model/lib/python3.8/site-packages/line_follower_model
[0.722s] copying /home/kairui/cc_ws_dev/tros_ws/src/app/line_follower/line_follower_model/build/line_follower_model/build/lib/line_follower_model/__init__.py -> /home/kairui/cc_ws_dev/tros_ws/src/app/line_follower/line_follower_model/install/line_follower_model/lib/python3.8/site-packages/line_follower_model
[0.722s] byte-compiling /home/kairui/cc_ws_dev/tros_ws/src/app/line_follower/line_follower_model/install/line_follower_model/lib/python3.8/site-packages/line_follower_model/annotation_member_function.py to annotation_member_function.cpython-38.pyc
[0.723s] byte-compiling /home/kairui/cc_ws_dev/tros_ws/src/app/line_follower/line_follower_model/install/line_follower_model/lib/python3.8/site-packages/line_follower_model/line_follower_model.py to line_follower_model.cpython-38.pyc
[0.724s] byte-compiling /home/kairui/cc_ws_dev/tros_ws/src/app/line_follower/line_follower_model/install/line_follower_model/lib/python3.8/site-packages/line_follower_model/__init__.py to __init__.cpython-38.pyc
[0.724s] running install_data
[0.724s] creating /home/kairui/cc_ws_dev/tros_ws/src/app/line_follower/line_follower_model/install/line_follower_model/share/ament_index
[0.724s] creating /home/kairui/cc_ws_dev/tros_ws/src/app/line_follower/line_follower_model/install/line_follower_model/share/ament_index/resource_index
[0.724s] creating /home/kairui/cc_ws_dev/tros_ws/src/app/line_follower/line_follower_model/install/line_follower_model/share/ament_index/resource_index/packages
[0.724s] copying resource/line_follower_model -> /home/kairui/cc_ws_dev/tros_ws/src/app/line_follower/line_follower_model/install/line_follower_model/share/ament_index/resource_index/packages
[0.724s] copying package.xml -> /home/kairui/cc_ws_dev/tros_ws/src/app/line_follower/line_follower_model/install/line_follower_model/share/line_follower_model
[0.724s] running install_egg_info
[0.725s] Copying build/line_follower_model/line_follower_model.egg-info to /home/kairui/cc_ws_dev/tros_ws/src/app/line_follower/line_follower_model/install/line_follower_model/lib/python3.8/site-packages/line_follower_model-0.0.0-py3.8.egg-info
[0.726s] running install_scripts
[0.738s] Installing line_follower_model = line_follower_model.line_follower_model:mainannotation script to /home/kairui/cc_ws_dev/tros_ws/src/app/line_follower/line_follower_model/install/line_follower_model/lib/line_follower_model
[0.738s] writing list of installed files to '/home/kairui/cc_ws_dev/tros_ws/src/app/line_follower/line_follower_model/build/line_follower_model/install.log'
[0.753s] Invoked command in '/home/kairui/cc_ws_dev/tros_ws/src/app/line_follower/line_follower_model' returned '0': PYTHONPATH=/home/kairui/cc_ws_dev/tros_ws/src/app/line_follower/line_follower_model/install/line_follower_model/lib/python3.8/site-packages:${PYTHONPATH} _=/usr/bin/env /usr/bin/python3 setup.py egg_info --egg-base build/line_follower_model build --build-base /home/kairui/cc_ws_dev/tros_ws/src/app/line_follower/line_follower_model/build/line_follower_model/build install --prefix /home/kairui/cc_ws_dev/tros_ws/src/app/line_follower/line_follower_model/install/line_follower_model --record /home/kairui/cc_ws_dev/tros_ws/src/app/line_follower/line_follower_model/build/line_follower_model/install.log --single-version-externally-managed
